[2024-11-12T10:58:42.172+0000] {local_task_job_runner.py:120} INFO - ::group::Pre task execution logs
[2024-11-12T10:58:42.212+0000] {taskinstance.py:2076} INFO - Dependencies all met for dep_context=non-requeueable deps ti=<TaskInstance: download_rocket_launches.download_launches manual__2024-11-12T10:58:41.411883+00:00 [queued]>
[2024-11-12T10:58:42.225+0000] {taskinstance.py:2076} INFO - Dependencies all met for dep_context=requeueable deps ti=<TaskInstance: download_rocket_launches.download_launches manual__2024-11-12T10:58:41.411883+00:00 [queued]>
[2024-11-12T10:58:42.226+0000] {taskinstance.py:2306} INFO - Starting attempt 1 of 1
[2024-11-12T10:58:42.245+0000] {taskinstance.py:2330} INFO - Executing <Task(BashOperator): download_launches> on 2024-11-12 10:58:41.411883+00:00
[2024-11-12T10:58:42.254+0000] {logging_mixin.py:188} WARNING - /home/***/.local/lib/python3.12/site-packages/***/task/task_runner/standard_task_runner.py:62 DeprecationWarning: This process (pid=185) is multi-threaded, use of fork() may lead to deadlocks in the child.
[2024-11-12T10:58:42.252+0000] {standard_task_runner.py:90} INFO - Running: ['***', 'tasks', 'run', 'download_rocket_launches', 'download_launches', 'manual__2024-11-12T10:58:41.411883+00:00', '--job-id', '2', '--raw', '--subdir', 'DAGS_FOLDER/download_rocket_launchers.py', '--cfg-path', '/tmp/tmplgkb7t1n']
[2024-11-12T10:58:42.255+0000] {standard_task_runner.py:64} INFO - Started process 186 to run task
[2024-11-12T10:58:42.256+0000] {standard_task_runner.py:91} INFO - Job 2: Subtask download_launches
[2024-11-12T10:58:42.279+0000] {logging_mixin.py:188} WARNING - /home/***/.local/lib/python3.12/site-packages/***/settings.py:195 DeprecationWarning: The sql_alchemy_conn option in [core] has been moved to the sql_alchemy_conn option in [database] - the old setting has been used, but please update your config.
[2024-11-12T10:58:42.331+0000] {task_command.py:426} INFO - Running <TaskInstance: download_rocket_launches.download_launches manual__2024-11-12T10:58:41.411883+00:00 [running]> on host f8c19a0963e6
[2024-11-12T10:58:42.456+0000] {taskinstance.py:2648} INFO - Exporting env vars: AIRFLOW_CTX_DAG_OWNER='***' AIRFLOW_CTX_DAG_ID='download_rocket_launches' AIRFLOW_CTX_TASK_ID='download_launches' AIRFLOW_CTX_EXECUTION_DATE='2024-11-12T10:58:41.411883+00:00' AIRFLOW_CTX_TRY_NUMBER='1' AIRFLOW_CTX_DAG_RUN_ID='manual__2024-11-12T10:58:41.411883+00:00'
[2024-11-12T10:58:42.457+0000] {taskinstance.py:430} INFO - ::endgroup::
[2024-11-12T10:58:42.492+0000] {subprocess.py:63} INFO - Tmp dir root location: /tmp
[2024-11-12T10:58:42.493+0000] {subprocess.py:75} INFO - Running command: ['/usr/bin/bash', '-c', "curl -o /tmp/launches.json -L 'https://ll.thespacedevs.com/2.0.0/launch/upcoming/'"]
[2024-11-12T10:58:42.502+0000] {subprocess.py:86} INFO - Output:
[2024-11-12T10:58:42.513+0000] {subprocess.py:93} INFO -   % Total    % Received % Xferd  Average Speed   Time    Time     Time  Current
[2024-11-12T10:58:42.516+0000] {subprocess.py:93} INFO -                                  Dload  Upload   Total   Spent    Left  Speed
[2024-11-12T10:58:44.263+0000] {subprocess.py:93} INFO -   0     0    0     0    0     0      0      0 --:--:-- --:--:-- --:--:--     0  0     0    0     0    0     0      0      0 --:--:--  0:00:01 --:--:--     0100 25620  100 25620    0     0  14643      0  0:00:01  0:00:01 --:--:-- 14648
[2024-11-12T10:58:44.268+0000] {subprocess.py:97} INFO - Command exited with return code 0
[2024-11-12T10:58:44.269+0000] {taskinstance.py:441} INFO - ::group::Post task execution logs
[2024-11-12T10:58:44.308+0000] {taskinstance.py:1206} INFO - Marking task as SUCCESS. dag_id=download_rocket_launches, task_id=download_launches, run_id=manual__2024-11-12T10:58:41.411883+00:00, execution_date=20241112T105841, start_date=20241112T105842, end_date=20241112T105844
[2024-11-12T10:58:44.359+0000] {local_task_job_runner.py:243} INFO - Task exited with return code 0
[2024-11-12T10:58:44.394+0000] {taskinstance.py:3503} INFO - 1 downstream tasks scheduled from follow-on schedule check
[2024-11-12T10:58:44.396+0000] {local_task_job_runner.py:222} INFO - ::endgroup::
