[2024-11-12T10:58:12.626+0000] {processor.py:161} INFO - Started process (PID=165) to work on /opt/airflow/dags/download_rocket_launchers.py
[2024-11-12T10:58:12.628+0000] {processor.py:830} INFO - Processing file /opt/airflow/dags/download_rocket_launchers.py for tasks to queue
[2024-11-12T10:58:12.631+0000] {logging_mixin.py:188} INFO - [2024-11-12T10:58:12.630+0000] {dagbag.py:545} INFO - Filling up the DagBag from /opt/airflow/dags/download_rocket_launchers.py
[2024-11-12T10:58:12.679+0000] {processor.py:840} INFO - DAG(s) 'download_rocket_launches' retrieved from /opt/airflow/dags/download_rocket_launchers.py
[2024-11-12T10:58:13.197+0000] {logging_mixin.py:188} INFO - [2024-11-12T10:58:13.196+0000] {override.py:1858} INFO - Created Permission View: can delete on DAG:download_rocket_launches
[2024-11-12T10:58:13.219+0000] {logging_mixin.py:188} INFO - [2024-11-12T10:58:13.219+0000] {override.py:1858} INFO - Created Permission View: can read on DAG:download_rocket_launches
[2024-11-12T10:58:13.231+0000] {logging_mixin.py:188} INFO - [2024-11-12T10:58:13.230+0000] {override.py:1858} INFO - Created Permission View: can edit on DAG:download_rocket_launches
[2024-11-12T10:58:13.232+0000] {logging_mixin.py:188} INFO - [2024-11-12T10:58:13.232+0000] {dag.py:3089} INFO - Sync 1 DAGs
[2024-11-12T10:58:13.259+0000] {logging_mixin.py:188} INFO - [2024-11-12T10:58:13.258+0000] {dag.py:3111} INFO - Creating ORM DAG for download_rocket_launches
[2024-11-12T10:58:13.261+0000] {logging_mixin.py:188} INFO - [2024-11-12T10:58:13.260+0000] {dag.py:3947} INFO - Setting next_dagrun for download_rocket_launches to None, run_after=None
[2024-11-12T10:58:13.309+0000] {processor.py:183} INFO - Processing /opt/airflow/dags/download_rocket_launchers.py took 0.691 seconds
[2024-11-12T10:58:43.517+0000] {processor.py:161} INFO - Started process (PID=189) to work on /opt/airflow/dags/download_rocket_launchers.py
[2024-11-12T10:58:43.519+0000] {processor.py:830} INFO - Processing file /opt/airflow/dags/download_rocket_launchers.py for tasks to queue
[2024-11-12T10:58:43.521+0000] {logging_mixin.py:188} INFO - [2024-11-12T10:58:43.520+0000] {dagbag.py:545} INFO - Filling up the DagBag from /opt/airflow/dags/download_rocket_launchers.py
[2024-11-12T10:58:43.542+0000] {processor.py:840} INFO - DAG(s) 'download_rocket_launches' retrieved from /opt/airflow/dags/download_rocket_launchers.py
[2024-11-12T10:58:43.577+0000] {logging_mixin.py:188} INFO - [2024-11-12T10:58:43.577+0000] {dag.py:3089} INFO - Sync 1 DAGs
[2024-11-12T10:58:43.593+0000] {logging_mixin.py:188} INFO - [2024-11-12T10:58:43.593+0000] {dag.py:3947} INFO - Setting next_dagrun for download_rocket_launches to None, run_after=None
[2024-11-12T10:58:43.616+0000] {processor.py:183} INFO - Processing /opt/airflow/dags/download_rocket_launchers.py took 0.110 seconds
[2024-11-12T10:59:13.661+0000] {processor.py:161} INFO - Started process (PID=217) to work on /opt/airflow/dags/download_rocket_launchers.py
[2024-11-12T10:59:13.661+0000] {processor.py:830} INFO - Processing file /opt/airflow/dags/download_rocket_launchers.py for tasks to queue
[2024-11-12T10:59:13.663+0000] {logging_mixin.py:188} INFO - [2024-11-12T10:59:13.663+0000] {dagbag.py:545} INFO - Filling up the DagBag from /opt/airflow/dags/download_rocket_launchers.py
[2024-11-12T10:59:13.678+0000] {processor.py:840} INFO - DAG(s) 'download_rocket_launches' retrieved from /opt/airflow/dags/download_rocket_launchers.py
[2024-11-12T10:59:13.704+0000] {logging_mixin.py:188} INFO - [2024-11-12T10:59:13.704+0000] {dag.py:3089} INFO - Sync 1 DAGs
[2024-11-12T10:59:13.716+0000] {logging_mixin.py:188} INFO - [2024-11-12T10:59:13.716+0000] {dag.py:3947} INFO - Setting next_dagrun for download_rocket_launches to None, run_after=None
[2024-11-12T10:59:13.736+0000] {processor.py:183} INFO - Processing /opt/airflow/dags/download_rocket_launchers.py took 0.080 seconds
[2024-11-12T10:59:43.826+0000] {processor.py:161} INFO - Started process (PID=236) to work on /opt/airflow/dags/download_rocket_launchers.py
[2024-11-12T10:59:43.827+0000] {processor.py:830} INFO - Processing file /opt/airflow/dags/download_rocket_launchers.py for tasks to queue
[2024-11-12T10:59:43.829+0000] {logging_mixin.py:188} INFO - [2024-11-12T10:59:43.828+0000] {dagbag.py:545} INFO - Filling up the DagBag from /opt/airflow/dags/download_rocket_launchers.py
[2024-11-12T10:59:43.845+0000] {processor.py:840} INFO - DAG(s) 'download_rocket_launches' retrieved from /opt/airflow/dags/download_rocket_launchers.py
[2024-11-12T10:59:43.882+0000] {logging_mixin.py:188} INFO - [2024-11-12T10:59:43.881+0000] {dag.py:3089} INFO - Sync 1 DAGs
[2024-11-12T10:59:43.900+0000] {logging_mixin.py:188} INFO - [2024-11-12T10:59:43.900+0000] {dag.py:3947} INFO - Setting next_dagrun for download_rocket_launches to None, run_after=None
[2024-11-12T10:59:43.930+0000] {processor.py:183} INFO - Processing /opt/airflow/dags/download_rocket_launchers.py took 0.108 seconds
